Arguments: 
  /Users/piotrknopczynski/.asdf/installs/nodejs/8.11.3/bin/node /usr/local/bin/yarn -v

PATH: 
  /Users/piotrknopczynski/.rvm/gems/ruby-2.3.1@service24-rails/bin:/Users/piotrknopczynski/.rvm/gems/ruby-2.3.1@global/bin:/Users/piotrknopczynski/.rvm/rubies/ruby-2.3.1/bin:/Users/piotrknopczynski/.asdf/shims:/Users/piotrknopczynski/.asdf/bin:/usr/local/bin:/usr/bin:/bin:/usr/sbin:/sbin:/Users/piotrknopczynski/.rvm/bin

Yarn version: 
  0.21.3

Node version: 
  8.11.3

Platform: 
  darwin x64

npm manifest: 
  {
    "repository": {},
    "license": "MIT",
    "scripts": {
      "deploy": "brunch build --production",
      "watch": "brunch watch --stdin"
    },
    "dependencies": {
      "axios": "^0.18.0",
      "element-ui": "^1.4.1",
      "phoenix": "file:../../../deps/phoenix",
      "phoenix_html": "file:../../../deps/phoenix_html",
      "vue": "^2.5.17",
      "vuex": "^2.3.1"
    },
    "devDependencies": {
      "autoprefixer": "^7.1.1",
      "babel-brunch": "6.0.6",
      "babel-core": "^6.25.0",
      "babel-eslint": "^7.2.3",
      "babel-loader": "^7.1.0",
      "babel-plugin-transform-runtime": "^6.23.0",
      "babel-preset-env": "^1.5.2",
      "babel-preset-es2015": "^6.24.1",
      "babel-preset-stage-2": "^6.24.1",
      "babel-register": "^6.24.1",
      "brunch": "^2.10.12",
      "ck": "^0.0.1",
      "clean-css-brunch": "2.10.0",
      "connect-history-api-fallback": "^1.3.0",
      "css-loader": "^0.28.4",
      "eslint": "^4.0.0",
      "eslint-config-standard": "^10.2.1",
      "eslint-friendly-formatter": "^3.0.0",
      "eslint-loader": "^1.8.0",
      "eslint-plugin-html": "^3.0.0",
      "eslint-plugin-promise": "^3.5.0",
      "eslint-plugin-standard": "^3.0.1",
      "eventsource-polyfill": "^0.9.6",
      "express": "^4.15.3",
      "file-loader": "^0.11.2",
      "http-proxy-middleware": "^0.17.4",
      "opn": "^5.1.0",
      "ora": "^1.3.0",
      "protobufjs": "^6.8.4",
      "protobufjs-brunch": "^1.0.2",
      "rimraf": "^2.6.1",
      "sass-brunch": "^2.10.4",
      "semver": "^5.3.0",
      "shelljs": "^0.7.8",
      "url-loader": "^0.5.9",
      "vue-brunch": "^2.0.1",
      "vue-loader": "^12.2.1",
      "vue-style-loader": "^3.0.1",
      "vue-template-compiler": "^2.5.17"
    }
  }

yarn manifest: 
  No manifest

Lockfile: 
  No lockfile

Trace: 
  Error: ENOENT: no such file or directory, open '/Users/piotrknopczynski/Development/private/exercise_spots/apps/parking_lot_web/assets/node_modules/yargs/lib/apply-extends.js'
